2024-07-03T23:23:31.706+0200 2024-07-03 23:23:31,706 [INFO] DevToolsPropertyDefaultsPostProcessor - Devtools property defaults active! Set 'spring.devtools.add-properties' to 'false' to disable
2024-07-03T23:23:31.706+0200 2024-07-03 23:23:31,706 [INFO] DevToolsPropertyDefaultsPostProcessor - For additional web related logging consider setting the 'logging.level.web' property to 'DEBUG'
2024-07-03T23:23:32.708+0200 2024-07-03 23:23:32,708 [INFO] TomcatWebServer - Tomcat initialized with port 8080 (http)
2024-07-03T23:23:32.717+0200 2024-07-03 23:23:32,717 [INFO] Http11NioProtocol - Initializing ProtocolHandler ["http-nio-8080"]
2024-07-03T23:23:32.719+0200 2024-07-03 23:23:32,719 [INFO] StandardService - Starting service [Tomcat]
2024-07-03T23:23:32.719+0200 2024-07-03 23:23:32,719 [INFO] StandardEngine - Starting Servlet engine: [Apache Tomcat/10.1.25]
2024-07-03T23:23:32.756+0200 2024-07-03 23:23:32,756 [INFO] [/] - Initializing Spring embedded WebApplicationContext
2024-07-03T23:23:32.757+0200 2024-07-03 23:23:32,757 [INFO] ServletWebServerApplicationContext - Root WebApplicationContext: initialization completed in 1050 ms
2024-07-03T23:23:33.508+0200 2024-07-03 23:23:33,508 [INFO] OptionalLiveReloadServer - LiveReload server is running on port 35729
2024-07-03T23:23:33.524+0200 2024-07-03 23:23:33,524 [INFO] Http11NioProtocol - Starting ProtocolHandler ["http-nio-8080"]
2024-07-03T23:23:33.536+0200 2024-07-03 23:23:33,536 [INFO] TomcatWebServer - Tomcat started on port 8080 (http) with context path '/'
2024-07-03T23:23:41.591+0200 2024-07-03 23:23:41,591 [INFO] [/] - Initializing Spring DispatcherServlet 'dispatcherServlet'
2024-07-03T23:23:41.591+0200 2024-07-03 23:23:41,591 [INFO] DispatcherServlet - Initializing Servlet 'dispatcherServlet'
2024-07-03T23:23:41.592+0200 2024-07-03 23:23:41,592 [INFO] DispatcherServlet - Completed initialization in 1 ms
2024-07-03T23:23:41.663+0200 2024-07-03 23:23:41,663 [INFO] HikariDataSource - HikariPool-1 - Starting...
2024-07-03T23:23:41.935+0200 2024-07-03 23:23:41,935 [INFO] HikariPool - HikariPool-1 - Added connection com.mysql.cj.jdbc.ConnectionImpl@6e0aec96
2024-07-03T23:23:41.937+0200 2024-07-03 23:23:41,937 [INFO] HikariDataSource - HikariPool-1 - Start completed.
2024-07-03T23:24:11.647+0200 2024-07-03 23:24:11,647 [INFO] LocalDevToolsAutoConfiguration$RestartingClassPathChangeChangedEventListener - Restarting due to 5 class path changes (5 additions, 0 deletions, 0 modifications)
2024-07-03T23:24:11.650+0200 2024-07-03 23:24:11,650 [INFO] Http11NioProtocol - Stopping ProtocolHandler ["http-nio-8080"]
2024-07-03T23:24:11.657+0200 2024-07-03 23:24:11,657 [INFO] HikariDataSource - HikariPool-1 - Shutdown initiated...
2024-07-03T23:24:11.665+0200 2024-07-03 23:24:11,665 [INFO] HikariDataSource - HikariPool-1 - Shutdown completed.
2024-07-03T23:24:12.047+0200 2024-07-03 23:24:12,047 [INFO] TomcatWebServer - Tomcat initialized with port 8080 (http)
2024-07-03T23:24:12.048+0200 2024-07-03 23:24:12,048 [INFO] Http11NioProtocol - Initializing ProtocolHandler ["http-nio-8080"]
2024-07-03T23:24:12.048+0200 2024-07-03 23:24:12,048 [INFO] StandardService - Starting service [Tomcat]
2024-07-03T23:24:12.048+0200 2024-07-03 23:24:12,048 [INFO] StandardEngine - Starting Servlet engine: [Apache Tomcat/10.1.25]
2024-07-03T23:24:12.063+0200 2024-07-03 23:24:12,063 [INFO] [/] - Initializing Spring embedded WebApplicationContext
2024-07-03T23:24:12.063+0200 2024-07-03 23:24:12,063 [INFO] ServletWebServerApplicationContext - Root WebApplicationContext: initialization completed in 299 ms
2024-07-03T23:24:12.243+0200 2024-07-03 23:24:12,243 [INFO] OptionalLiveReloadServer - LiveReload server is running on port 35729
2024-07-03T23:24:12.252+0200 2024-07-03 23:24:12,252 [INFO] Http11NioProtocol - Starting ProtocolHandler ["http-nio-8080"]
2024-07-03T23:24:12.254+0200 2024-07-03 23:24:12,254 [INFO] TomcatWebServer - Tomcat started on port 8080 (http) with context path '/'
2024-07-03T23:24:12.260+0200 2024-07-03 23:24:12,260 [INFO] ConditionEvaluationDeltaLoggingListener - Condition evaluation unchanged
2024-07-03T23:25:02.536+0200 2024-07-03 23:25:02,536 [INFO] DevToolsPropertyDefaultsPostProcessor - Devtools property defaults active! Set 'spring.devtools.add-properties' to 'false' to disable
2024-07-03T23:25:02.537+0200 2024-07-03 23:25:02,537 [INFO] DevToolsPropertyDefaultsPostProcessor - For additional web related logging consider setting the 'logging.level.web' property to 'DEBUG'
2024-07-03T23:25:03.480+0200 2024-07-03 23:25:03,480 [INFO] TomcatWebServer - Tomcat initialized with port 8080 (http)
2024-07-03T23:25:03.488+0200 2024-07-03 23:25:03,488 [INFO] Http11NioProtocol - Initializing ProtocolHandler ["http-nio-8080"]
2024-07-03T23:25:03.490+0200 2024-07-03 23:25:03,490 [INFO] StandardService - Starting service [Tomcat]
2024-07-03T23:25:03.490+0200 2024-07-03 23:25:03,490 [INFO] StandardEngine - Starting Servlet engine: [Apache Tomcat/10.1.25]
2024-07-03T23:25:03.527+0200 2024-07-03 23:25:03,527 [INFO] [/] - Initializing Spring embedded WebApplicationContext
2024-07-03T23:25:03.527+0200 2024-07-03 23:25:03,527 [INFO] ServletWebServerApplicationContext - Root WebApplicationContext: initialization completed in 989 ms
2024-07-03T23:25:04.238+0200 2024-07-03 23:25:04,238 [INFO] OptionalLiveReloadServer - LiveReload server is running on port 35729
2024-07-03T23:25:04.254+0200 2024-07-03 23:25:04,254 [INFO] Http11NioProtocol - Starting ProtocolHandler ["http-nio-8080"]
2024-07-03T23:25:04.266+0200 2024-07-03 23:25:04,266 [INFO] TomcatWebServer - Tomcat started on port 8080 (http) with context path '/'
2024-07-03T23:25:08.628+0200 2024-07-03 23:25:08,628 [INFO] [/] - Initializing Spring DispatcherServlet 'dispatcherServlet'
2024-07-03T23:25:08.628+0200 2024-07-03 23:25:08,628 [INFO] DispatcherServlet - Initializing Servlet 'dispatcherServlet'
2024-07-03T23:25:08.630+0200 2024-07-03 23:25:08,630 [INFO] DispatcherServlet - Completed initialization in 2 ms
2024-07-03T23:25:08.705+0200 2024-07-03 23:25:08,705 [INFO] HikariDataSource - HikariPool-1 - Starting...
2024-07-03T23:25:08.966+0200 2024-07-03 23:25:08,966 [INFO] HikariPool - HikariPool-1 - Added connection com.mysql.cj.jdbc.ConnectionImpl@6909c3a1
2024-07-03T23:25:08.967+0200 2024-07-03 23:25:08,967 [INFO] HikariDataSource - HikariPool-1 - Start completed.
2024-07-03T23:28:02.762+0200 2024-07-03 23:28:02,762 [INFO] HikariDataSource - HikariPool-1 - Shutdown initiated...
2024-07-03T23:28:02.767+0200 2024-07-03 23:28:02,767 [INFO] HikariDataSource - HikariPool-1 - Shutdown completed.
2024-07-03T23:28:06.171+0200 2024-07-03 23:28:06,171 [INFO] DevToolsPropertyDefaultsPostProcessor - Devtools property defaults active! Set 'spring.devtools.add-properties' to 'false' to disable
2024-07-03T23:28:06.171+0200 2024-07-03 23:28:06,171 [INFO] DevToolsPropertyDefaultsPostProcessor - For additional web related logging consider setting the 'logging.level.web' property to 'DEBUG'
2024-07-03T23:28:07.075+0200 2024-07-03 23:28:07,075 [INFO] TomcatWebServer - Tomcat initialized with port 8080 (http)
2024-07-03T23:28:07.084+0200 2024-07-03 23:28:07,084 [INFO] Http11NioProtocol - Initializing ProtocolHandler ["http-nio-8080"]
2024-07-03T23:28:07.086+0200 2024-07-03 23:28:07,086 [INFO] StandardService - Starting service [Tomcat]
2024-07-03T23:28:07.086+0200 2024-07-03 23:28:07,086 [INFO] StandardEngine - Starting Servlet engine: [Apache Tomcat/10.1.25]
2024-07-03T23:28:07.125+0200 2024-07-03 23:28:07,125 [INFO] [/] - Initializing Spring embedded WebApplicationContext
2024-07-03T23:28:07.125+0200 2024-07-03 23:28:07,125 [INFO] ServletWebServerApplicationContext - Root WebApplicationContext: initialization completed in 953 ms
2024-07-03T23:28:07.848+0200 2024-07-03 23:28:07,848 [INFO] OptionalLiveReloadServer - LiveReload server is running on port 35729
2024-07-03T23:28:07.864+0200 2024-07-03 23:28:07,864 [INFO] Http11NioProtocol - Starting ProtocolHandler ["http-nio-8080"]
2024-07-03T23:28:07.876+0200 2024-07-03 23:28:07,876 [INFO] TomcatWebServer - Tomcat started on port 8080 (http) with context path '/'
2024-07-03T23:28:11.468+0200 2024-07-03 23:28:11,468 [INFO] [/] - Initializing Spring DispatcherServlet 'dispatcherServlet'
2024-07-03T23:28:11.468+0200 2024-07-03 23:28:11,468 [INFO] DispatcherServlet - Initializing Servlet 'dispatcherServlet'
2024-07-03T23:28:11.469+0200 2024-07-03 23:28:11,469 [INFO] DispatcherServlet - Completed initialization in 1 ms
2024-07-03T23:28:11.553+0200 2024-07-03 23:28:11,553 [INFO] HikariDataSource - HikariPool-1 - Starting...
2024-07-03T23:28:11.863+0200 2024-07-03 23:28:11,863 [INFO] HikariPool - HikariPool-1 - Added connection com.mysql.cj.jdbc.ConnectionImpl@789a8d29
2024-07-03T23:28:11.864+0200 2024-07-03 23:28:11,864 [INFO] HikariDataSource - HikariPool-1 - Start completed.
2024-07-03T23:29:28.912+0200 2024-07-03 23:29:28,912 [INFO] LocalDevToolsAutoConfiguration$RestartingClassPathChangeChangedEventListener - Restarting due to 1 class path change (0 additions, 1 deletion, 0 modifications)
2024-07-03T23:29:28.915+0200 2024-07-03 23:29:28,915 [INFO] Http11NioProtocol - Stopping ProtocolHandler ["http-nio-8080"]
2024-07-03T23:29:28.923+0200 2024-07-03 23:29:28,923 [INFO] HikariDataSource - HikariPool-1 - Shutdown initiated...
2024-07-03T23:29:28.930+0200 2024-07-03 23:29:28,930 [INFO] HikariDataSource - HikariPool-1 - Shutdown completed.
2024-07-03T23:29:29.358+0200 2024-07-03 23:29:29,358 [INFO] TomcatWebServer - Tomcat initialized with port 8080 (http)
2024-07-03T23:29:29.359+0200 2024-07-03 23:29:29,359 [INFO] Http11NioProtocol - Initializing ProtocolHandler ["http-nio-8080"]
2024-07-03T23:29:29.359+0200 2024-07-03 23:29:29,359 [INFO] StandardService - Starting service [Tomcat]
2024-07-03T23:29:29.359+0200 2024-07-03 23:29:29,359 [INFO] StandardEngine - Starting Servlet engine: [Apache Tomcat/10.1.25]
2024-07-03T23:29:29.377+0200 2024-07-03 23:29:29,377 [INFO] [/] - Initializing Spring embedded WebApplicationContext
2024-07-03T23:29:29.378+0200 2024-07-03 23:29:29,378 [INFO] ServletWebServerApplicationContext - Root WebApplicationContext: initialization completed in 346 ms
2024-07-03T23:29:29.638+0200 2024-07-03 23:29:29,638 [INFO] OptionalLiveReloadServer - LiveReload server is running on port 35729
2024-07-03T23:29:29.649+0200 2024-07-03 23:29:29,649 [INFO] Http11NioProtocol - Starting ProtocolHandler ["http-nio-8080"]
2024-07-03T23:29:29.651+0200 2024-07-03 23:29:29,651 [INFO] TomcatWebServer - Tomcat started on port 8080 (http) with context path '/'
2024-07-03T23:29:29.657+0200 2024-07-03 23:29:29,657 [INFO] ConditionEvaluationDeltaLoggingListener - Condition evaluation unchanged
2024-07-03T23:30:32.937+0200 2024-07-03 23:30:32,937 [INFO] DevToolsPropertyDefaultsPostProcessor - Devtools property defaults active! Set 'spring.devtools.add-properties' to 'false' to disable
2024-07-03T23:30:32.938+0200 2024-07-03 23:30:32,938 [INFO] DevToolsPropertyDefaultsPostProcessor - For additional web related logging consider setting the 'logging.level.web' property to 'DEBUG'
2024-07-03T23:30:34.178+0200 2024-07-03 23:30:34,178 [INFO] TomcatWebServer - Tomcat initialized with port 8080 (http)
2024-07-03T23:30:34.191+0200 2024-07-03 23:30:34,191 [INFO] Http11NioProtocol - Initializing ProtocolHandler ["http-nio-8080"]
2024-07-03T23:30:34.193+0200 2024-07-03 23:30:34,193 [INFO] StandardService - Starting service [Tomcat]
2024-07-03T23:30:34.194+0200 2024-07-03 23:30:34,194 [INFO] StandardEngine - Starting Servlet engine: [Apache Tomcat/10.1.25]
2024-07-03T23:30:34.245+0200 2024-07-03 23:30:34,245 [INFO] [/] - Initializing Spring embedded WebApplicationContext
2024-07-03T23:30:34.246+0200 2024-07-03 23:30:34,246 [INFO] ServletWebServerApplicationContext - Root WebApplicationContext: initialization completed in 1308 ms
2024-07-03T23:30:35.346+0200 2024-07-03 23:30:35,346 [INFO] OptionalLiveReloadServer - LiveReload server is running on port 35729
2024-07-03T23:30:35.370+0200 2024-07-03 23:30:35,370 [INFO] Http11NioProtocol - Starting ProtocolHandler ["http-nio-8080"]
2024-07-03T23:30:35.385+0200 2024-07-03 23:30:35,385 [INFO] TomcatWebServer - Tomcat started on port 8080 (http) with context path '/'
2024-07-03T23:30:38.692+0200 2024-07-03 23:30:38,692 [INFO] [/] - Initializing Spring DispatcherServlet 'dispatcherServlet'
2024-07-03T23:30:38.692+0200 2024-07-03 23:30:38,692 [INFO] DispatcherServlet - Initializing Servlet 'dispatcherServlet'
2024-07-03T23:30:38.693+0200 2024-07-03 23:30:38,693 [INFO] DispatcherServlet - Completed initialization in 1 ms
2024-07-03T23:30:38.761+0200 2024-07-03 23:30:38,761 [INFO] HikariDataSource - HikariPool-1 - Starting...
2024-07-03T23:30:39.016+0200 2024-07-03 23:30:39,016 [INFO] HikariPool - HikariPool-1 - Added connection com.mysql.cj.jdbc.ConnectionImpl@345af4ba
2024-07-03T23:30:39.017+0200 2024-07-03 23:30:39,017 [INFO] HikariDataSource - HikariPool-1 - Start completed.
2024-07-03T23:31:23.941+0200 2024-07-03 23:31:23,941 [INFO] HikariDataSource - HikariPool-1 - Shutdown initiated...
2024-07-03T23:31:23.945+0200 2024-07-03 23:31:23,945 [INFO] HikariDataSource - HikariPool-1 - Shutdown completed.
2024-07-03T23:33:18.768+0200 2024-07-03 23:33:18,768 [INFO] DevToolsPropertyDefaultsPostProcessor - Devtools property defaults active! Set 'spring.devtools.add-properties' to 'false' to disable
2024-07-03T23:33:18.768+0200 2024-07-03 23:33:18,768 [INFO] DevToolsPropertyDefaultsPostProcessor - For additional web related logging consider setting the 'logging.level.web' property to 'DEBUG'
2024-07-03T23:33:19.766+0200 2024-07-03 23:33:19,766 [INFO] TomcatWebServer - Tomcat initialized with port 8080 (http)
2024-07-03T23:33:19.774+0200 2024-07-03 23:33:19,774 [INFO] Http11NioProtocol - Initializing ProtocolHandler ["http-nio-8080"]
2024-07-03T23:33:19.776+0200 2024-07-03 23:33:19,776 [INFO] StandardService - Starting service [Tomcat]
2024-07-03T23:33:19.776+0200 2024-07-03 23:33:19,776 [INFO] StandardEngine - Starting Servlet engine: [Apache Tomcat/10.1.25]
2024-07-03T23:33:19.810+0200 2024-07-03 23:33:19,810 [INFO] [/] - Initializing Spring embedded WebApplicationContext
2024-07-03T23:33:19.811+0200 2024-07-03 23:33:19,811 [INFO] ServletWebServerApplicationContext - Root WebApplicationContext: initialization completed in 1042 ms
2024-07-03T23:33:20.590+0200 2024-07-03 23:33:20,590 [INFO] OptionalLiveReloadServer - LiveReload server is running on port 35729
2024-07-03T23:33:20.607+0200 2024-07-03 23:33:20,607 [INFO] Http11NioProtocol - Starting ProtocolHandler ["http-nio-8080"]
2024-07-03T23:33:20.618+0200 2024-07-03 23:33:20,618 [INFO] TomcatWebServer - Tomcat started on port 8080 (http) with context path '/'
2024-07-03T23:33:25.239+0200 2024-07-03 23:33:25,239 [INFO] [/] - Initializing Spring DispatcherServlet 'dispatcherServlet'
2024-07-03T23:33:25.239+0200 2024-07-03 23:33:25,239 [INFO] DispatcherServlet - Initializing Servlet 'dispatcherServlet'
2024-07-03T23:33:25.240+0200 2024-07-03 23:33:25,240 [INFO] DispatcherServlet - Completed initialization in 1 ms
2024-07-03T23:33:25.314+0200 2024-07-03 23:33:25,314 [INFO] HikariDataSource - HikariPool-1 - Starting...
2024-07-03T23:33:25.579+0200 2024-07-03 23:33:25,579 [INFO] HikariPool - HikariPool-1 - Added connection com.mysql.cj.jdbc.ConnectionImpl@52784f44
2024-07-03T23:33:25.580+0200 2024-07-03 23:33:25,580 [INFO] HikariDataSource - HikariPool-1 - Start completed.
2024-07-03T23:41:57.521+0200 2024-07-03 23:41:57,521 [INFO] HikariDataSource - HikariPool-1 - Shutdown initiated...
2024-07-03T23:41:57.527+0200 2024-07-03 23:41:57,527 [INFO] HikariDataSource - HikariPool-1 - Shutdown completed.
2024-07-03T23:41:59.500+0200 2024-07-03 23:41:59,500 [INFO] DevToolsPropertyDefaultsPostProcessor - Devtools property defaults active! Set 'spring.devtools.add-properties' to 'false' to disable
2024-07-03T23:41:59.500+0200 2024-07-03 23:41:59,500 [INFO] DevToolsPropertyDefaultsPostProcessor - For additional web related logging consider setting the 'logging.level.web' property to 'DEBUG'
2024-07-03T23:42:00.628+0200 2024-07-03 23:42:00,628 [INFO] TomcatWebServer - Tomcat initialized with port 8080 (http)
2024-07-03T23:42:00.639+0200 2024-07-03 23:42:00,639 [INFO] Http11NioProtocol - Initializing ProtocolHandler ["http-nio-8080"]
2024-07-03T23:42:00.641+0200 2024-07-03 23:42:00,641 [INFO] StandardService - Starting service [Tomcat]
2024-07-03T23:42:00.641+0200 2024-07-03 23:42:00,641 [INFO] StandardEngine - Starting Servlet engine: [Apache Tomcat/10.1.25]
2024-07-03T23:42:00.681+0200 2024-07-03 23:42:00,681 [INFO] [/] - Initializing Spring embedded WebApplicationContext
2024-07-03T23:42:00.682+0200 2024-07-03 23:42:00,682 [INFO] ServletWebServerApplicationContext - Root WebApplicationContext: initialization completed in 1180 ms
2024-07-03T23:42:01.492+0200 2024-07-03 23:42:01,492 [INFO] OptionalLiveReloadServer - LiveReload server is running on port 35729
2024-07-03T23:42:01.508+0200 2024-07-03 23:42:01,508 [INFO] Http11NioProtocol - Starting ProtocolHandler ["http-nio-8080"]
2024-07-03T23:42:01.520+0200 2024-07-03 23:42:01,520 [INFO] TomcatWebServer - Tomcat started on port 8080 (http) with context path '/'
2024-07-03T23:42:18.458+0200 2024-07-03 23:42:18,458 [INFO] [/] - Initializing Spring DispatcherServlet 'dispatcherServlet'
2024-07-03T23:42:18.458+0200 2024-07-03 23:42:18,458 [INFO] DispatcherServlet - Initializing Servlet 'dispatcherServlet'
2024-07-03T23:42:18.459+0200 2024-07-03 23:42:18,459 [INFO] DispatcherServlet - Completed initialization in 1 ms
2024-07-03T23:42:18.530+0200 2024-07-03 23:42:18,530 [INFO] HikariDataSource - HikariPool-1 - Starting...
2024-07-03T23:42:18.776+0200 2024-07-03 23:42:18,776 [INFO] HikariPool - HikariPool-1 - Added connection com.mysql.cj.jdbc.ConnectionImpl@526c7d7b
2024-07-03T23:42:18.777+0200 2024-07-03 23:42:18,777 [INFO] HikariDataSource - HikariPool-1 - Start completed.
2024-07-03T23:44:39.123+0200 2024-07-03 23:44:39,123 [INFO] LocalDevToolsAutoConfiguration$RestartingClassPathChangeChangedEventListener - Restarting due to 2 class path changes (0 additions, 0 deletions, 2 modifications)
2024-07-03T23:44:39.126+0200 2024-07-03 23:44:39,126 [INFO] Http11NioProtocol - Stopping ProtocolHandler ["http-nio-8080"]
2024-07-03T23:44:39.134+0200 2024-07-03 23:44:39,134 [INFO] HikariDataSource - HikariPool-1 - Shutdown initiated...
2024-07-03T23:44:39.143+0200 2024-07-03 23:44:39,143 [INFO] HikariDataSource - HikariPool-1 - Shutdown completed.
2024-07-03T23:44:39.550+0200 2024-07-03 23:44:39,550 [INFO] TomcatWebServer - Tomcat initialized with port 8080 (http)
2024-07-03T23:44:39.550+0200 2024-07-03 23:44:39,550 [INFO] Http11NioProtocol - Initializing ProtocolHandler ["http-nio-8080"]
2024-07-03T23:44:39.551+0200 2024-07-03 23:44:39,551 [INFO] StandardService - Starting service [Tomcat]
2024-07-03T23:44:39.551+0200 2024-07-03 23:44:39,551 [INFO] StandardEngine - Starting Servlet engine: [Apache Tomcat/10.1.25]
2024-07-03T23:44:39.568+0200 2024-07-03 23:44:39,568 [INFO] [/] - Initializing Spring embedded WebApplicationContext
2024-07-03T23:44:39.568+0200 2024-07-03 23:44:39,568 [INFO] ServletWebServerApplicationContext - Root WebApplicationContext: initialization completed in 332 ms
2024-07-03T23:44:39.830+0200 2024-07-03 23:44:39,830 [INFO] OptionalLiveReloadServer - LiveReload server is running on port 35729
2024-07-03T23:44:39.841+0200 2024-07-03 23:44:39,841 [INFO] Http11NioProtocol - Starting ProtocolHandler ["http-nio-8080"]
2024-07-03T23:44:39.843+0200 2024-07-03 23:44:39,843 [INFO] TomcatWebServer - Tomcat started on port 8080 (http) with context path '/'
2024-07-03T23:44:39.849+0200 2024-07-03 23:44:39,849 [INFO] ConditionEvaluationDeltaLoggingListener - Condition evaluation unchanged
2024-07-03T23:50:51.680+0200 2024-07-03 23:50:51,680 [INFO] LocalDevToolsAutoConfiguration$RestartingClassPathChangeChangedEventListener - Restarting due to 1 class path change (0 additions, 0 deletions, 1 modification)
2024-07-03T23:50:51.682+0200 2024-07-03 23:50:51,682 [INFO] Http11NioProtocol - Stopping ProtocolHandler ["http-nio-8080"]
2024-07-03T23:50:52.028+0200 2024-07-03 23:50:52,028 [INFO] TomcatWebServer - Tomcat initialized with port 8080 (http)
2024-07-03T23:50:52.032+0200 2024-07-03 23:50:52,032 [INFO] Http11NioProtocol - Initializing ProtocolHandler ["http-nio-8080"]
2024-07-03T23:50:52.032+0200 2024-07-03 23:50:52,032 [INFO] StandardService - Starting service [Tomcat]
2024-07-03T23:50:52.032+0200 2024-07-03 23:50:52,032 [INFO] StandardEngine - Starting Servlet engine: [Apache Tomcat/10.1.25]
2024-07-03T23:50:52.045+0200 2024-07-03 23:50:52,045 [INFO] [/] - Initializing Spring embedded WebApplicationContext
2024-07-03T23:50:52.046+0200 2024-07-03 23:50:52,046 [INFO] ServletWebServerApplicationContext - Root WebApplicationContext: initialization completed in 280 ms
2024-07-03T23:50:52.299+0200 2024-07-03 23:50:52,299 [INFO] OptionalLiveReloadServer - LiveReload server is running on port 35729
2024-07-03T23:50:52.307+0200 2024-07-03 23:50:52,307 [INFO] Http11NioProtocol - Starting ProtocolHandler ["http-nio-8080"]
2024-07-03T23:50:52.312+0200 2024-07-03 23:50:52,312 [INFO] TomcatWebServer - Tomcat started on port 8080 (http) with context path '/'
2024-07-03T23:50:52.316+0200 2024-07-03 23:50:52,316 [INFO] ConditionEvaluationDeltaLoggingListener - Condition evaluation unchanged
2024-07-03T23:51:35.574+0200 2024-07-03 23:51:35,574 [INFO] LocalDevToolsAutoConfiguration$RestartingClassPathChangeChangedEventListener - Restarting due to 1 class path change (0 additions, 0 deletions, 1 modification)
2024-07-03T23:51:35.575+0200 2024-07-03 23:51:35,575 [INFO] Http11NioProtocol - Stopping ProtocolHandler ["http-nio-8080"]
2024-07-03T23:51:35.881+0200 2024-07-03 23:51:35,881 [INFO] TomcatWebServer - Tomcat initialized with port 8080 (http)
2024-07-03T23:51:35.882+0200 2024-07-03 23:51:35,882 [INFO] Http11NioProtocol - Initializing ProtocolHandler ["http-nio-8080"]
2024-07-03T23:51:35.882+0200 2024-07-03 23:51:35,882 [INFO] StandardService - Starting service [Tomcat]
2024-07-03T23:51:35.882+0200 2024-07-03 23:51:35,882 [INFO] StandardEngine - Starting Servlet engine: [Apache Tomcat/10.1.25]
2024-07-03T23:51:35.896+0200 2024-07-03 23:51:35,896 [INFO] [/] - Initializing Spring embedded WebApplicationContext
2024-07-03T23:51:35.896+0200 2024-07-03 23:51:35,896 [INFO] ServletWebServerApplicationContext - Root WebApplicationContext: initialization completed in 243 ms
2024-07-03T23:51:36.073+0200 2024-07-03 23:51:36,073 [INFO] OptionalLiveReloadServer - LiveReload server is running on port 35729
2024-07-03T23:51:36.081+0200 2024-07-03 23:51:36,081 [INFO] Http11NioProtocol - Starting ProtocolHandler ["http-nio-8080"]
2024-07-03T23:51:36.084+0200 2024-07-03 23:51:36,084 [INFO] TomcatWebServer - Tomcat started on port 8080 (http) with context path '/'
2024-07-03T23:51:36.089+0200 2024-07-03 23:51:36,089 [INFO] ConditionEvaluationDeltaLoggingListener - Condition evaluation unchanged
2024-07-03T23:51:46.936+0200 2024-07-03 23:51:46,936 [INFO] DevToolsPropertyDefaultsPostProcessor - Devtools property defaults active! Set 'spring.devtools.add-properties' to 'false' to disable
2024-07-03T23:51:46.937+0200 2024-07-03 23:51:46,937 [INFO] DevToolsPropertyDefaultsPostProcessor - For additional web related logging consider setting the 'logging.level.web' property to 'DEBUG'
2024-07-03T23:51:47.984+0200 2024-07-03 23:51:47,984 [INFO] TomcatWebServer - Tomcat initialized with port 8080 (http)
2024-07-03T23:51:47.996+0200 2024-07-03 23:51:47,996 [INFO] Http11NioProtocol - Initializing ProtocolHandler ["http-nio-8080"]
2024-07-03T23:51:47.998+0200 2024-07-03 23:51:47,998 [INFO] StandardService - Starting service [Tomcat]
2024-07-03T23:51:47.998+0200 2024-07-03 23:51:47,998 [INFO] StandardEngine - Starting Servlet engine: [Apache Tomcat/10.1.25]
2024-07-03T23:51:48.034+0200 2024-07-03 23:51:48,034 [INFO] [/] - Initializing Spring embedded WebApplicationContext
2024-07-03T23:51:48.035+0200 2024-07-03 23:51:48,035 [INFO] ServletWebServerApplicationContext - Root WebApplicationContext: initialization completed in 1098 ms
2024-07-03T23:51:48.905+0200 2024-07-03 23:51:48,905 [INFO] OptionalLiveReloadServer - LiveReload server is running on port 35729
2024-07-03T23:51:48.923+0200 2024-07-03 23:51:48,923 [INFO] Http11NioProtocol - Starting ProtocolHandler ["http-nio-8080"]
2024-07-03T23:51:48.938+0200 2024-07-03 23:51:48,938 [INFO] TomcatWebServer - Tomcat started on port 8080 (http) with context path '/'
2024-07-03T23:51:53.537+0200 2024-07-03 23:51:53,537 [INFO] [/] - Initializing Spring DispatcherServlet 'dispatcherServlet'
2024-07-03T23:51:53.537+0200 2024-07-03 23:51:53,537 [INFO] DispatcherServlet - Initializing Servlet 'dispatcherServlet'
2024-07-03T23:51:53.538+0200 2024-07-03 23:51:53,538 [INFO] DispatcherServlet - Completed initialization in 1 ms
2024-07-03T23:51:53.609+0200 2024-07-03 23:51:53,609 [INFO] HikariDataSource - HikariPool-1 - Starting...
2024-07-03T23:51:53.888+0200 2024-07-03 23:51:53,888 [INFO] HikariPool - HikariPool-1 - Added connection com.mysql.cj.jdbc.ConnectionImpl@23a3b2c9
2024-07-03T23:51:53.890+0200 2024-07-03 23:51:53,890 [INFO] HikariDataSource - HikariPool-1 - Start completed.
2024-07-03T23:52:47.319+0200 2024-07-03 23:52:47,319 [INFO] LocalDevToolsAutoConfiguration$RestartingClassPathChangeChangedEventListener - Restarting due to 2 class path changes (0 additions, 0 deletions, 2 modifications)
2024-07-03T23:52:47.321+0200 2024-07-03 23:52:47,321 [INFO] Http11NioProtocol - Stopping ProtocolHandler ["http-nio-8080"]
2024-07-03T23:52:47.328+0200 2024-07-03 23:52:47,328 [INFO] HikariDataSource - HikariPool-1 - Shutdown initiated...
2024-07-03T23:52:47.333+0200 2024-07-03 23:52:47,333 [INFO] HikariDataSource - HikariPool-1 - Shutdown completed.
2024-07-03T23:52:47.640+0200 2024-07-03 23:52:47,640 [INFO] TomcatWebServer - Tomcat initialized with port 8080 (http)
2024-07-03T23:52:47.641+0200 2024-07-03 23:52:47,641 [INFO] Http11NioProtocol - Initializing ProtocolHandler ["http-nio-8080"]
2024-07-03T23:52:47.641+0200 2024-07-03 23:52:47,641 [INFO] StandardService - Starting service [Tomcat]
2024-07-03T23:52:47.642+0200 2024-07-03 23:52:47,642 [INFO] StandardEngine - Starting Servlet engine: [Apache Tomcat/10.1.25]
2024-07-03T23:52:47.654+0200 2024-07-03 23:52:47,654 [INFO] [/] - Initializing Spring embedded WebApplicationContext
2024-07-03T23:52:47.654+0200 2024-07-03 23:52:47,654 [INFO] ServletWebServerApplicationContext - Root WebApplicationContext: initialization completed in 245 ms
2024-07-03T23:52:47.833+0200 2024-07-03 23:52:47,833 [INFO] OptionalLiveReloadServer - LiveReload server is running on port 35729
2024-07-03T23:52:47.841+0200 2024-07-03 23:52:47,841 [INFO] Http11NioProtocol - Starting ProtocolHandler ["http-nio-8080"]
2024-07-03T23:52:47.846+0200 2024-07-03 23:52:47,846 [INFO] TomcatWebServer - Tomcat started on port 8080 (http) with context path '/'
2024-07-03T23:52:47.851+0200 2024-07-03 23:52:47,851 [INFO] ConditionEvaluationDeltaLoggingListener - Condition evaluation unchanged
2024-07-03T23:53:15.885+0200 2024-07-03 23:53:15,885 [INFO] [/] - Initializing Spring DispatcherServlet 'dispatcherServlet'
2024-07-03T23:53:15.885+0200 2024-07-03 23:53:15,885 [INFO] DispatcherServlet - Initializing Servlet 'dispatcherServlet'
2024-07-03T23:53:15.886+0200 2024-07-03 23:53:15,886 [INFO] DispatcherServlet - Completed initialization in 1 ms
2024-07-03T23:53:15.889+0200 2024-07-03 23:53:15,889 [INFO] HikariDataSource - HikariPool-2 - Starting...
2024-07-03T23:53:15.900+0200 2024-07-03 23:53:15,900 [INFO] HikariPool - HikariPool-2 - Added connection com.mysql.cj.jdbc.ConnectionImpl@74aa0427
2024-07-03T23:53:15.900+0200 2024-07-03 23:53:15,900 [INFO] HikariDataSource - HikariPool-2 - Start completed.
2024-07-03T23:53:16.793+0200 2024-07-03 23:53:16,793 [INFO] LocalDevToolsAutoConfiguration$RestartingClassPathChangeChangedEventListener - Restarting due to 2 class path changes (0 additions, 0 deletions, 2 modifications)
2024-07-03T23:53:16.794+0200 2024-07-03 23:53:16,794 [INFO] Http11NioProtocol - Stopping ProtocolHandler ["http-nio-8080"]
2024-07-03T23:53:16.799+0200 2024-07-03 23:53:16,799 [INFO] HikariDataSource - HikariPool-2 - Shutdown initiated...
2024-07-03T23:53:16.802+0200 2024-07-03 23:53:16,802 [INFO] HikariDataSource - HikariPool-2 - Shutdown completed.
2024-07-03T23:53:17.200+0200 2024-07-03 23:53:17,200 [INFO] TomcatWebServer - Tomcat initialized with port 8080 (http)
2024-07-03T23:53:17.201+0200 2024-07-03 23:53:17,201 [INFO] Http11NioProtocol - Initializing ProtocolHandler ["http-nio-8080"]
2024-07-03T23:53:17.201+0200 2024-07-03 23:53:17,201 [INFO] StandardService - Starting service [Tomcat]
2024-07-03T23:53:17.201+0200 2024-07-03 23:53:17,201 [INFO] StandardEngine - Starting Servlet engine: [Apache Tomcat/10.1.25]
2024-07-03T23:53:17.214+0200 2024-07-03 23:53:17,214 [INFO] [/] - Initializing Spring embedded WebApplicationContext
2024-07-03T23:53:17.215+0200 2024-07-03 23:53:17,215 [INFO] ServletWebServerApplicationContext - Root WebApplicationContext: initialization completed in 328 ms
2024-07-03T23:53:17.415+0200 2024-07-03 23:53:17,415 [INFO] OptionalLiveReloadServer - LiveReload server is running on port 35729
2024-07-03T23:53:17.426+0200 2024-07-03 23:53:17,426 [INFO] Http11NioProtocol - Starting ProtocolHandler ["http-nio-8080"]
2024-07-03T23:53:17.429+0200 2024-07-03 23:53:17,429 [INFO] TomcatWebServer - Tomcat started on port 8080 (http) with context path '/'
2024-07-03T23:53:17.434+0200 2024-07-03 23:53:17,434 [INFO] ConditionEvaluationDeltaLoggingListener - Condition evaluation unchanged
2024-07-03T23:53:33.527+0200 2024-07-03 23:53:33,527 [INFO] [/] - Initializing Spring DispatcherServlet 'dispatcherServlet'
2024-07-03T23:53:33.527+0200 2024-07-03 23:53:33,527 [INFO] DispatcherServlet - Initializing Servlet 'dispatcherServlet'
2024-07-03T23:53:33.528+0200 2024-07-03 23:53:33,528 [INFO] DispatcherServlet - Completed initialization in 1 ms
2024-07-03T23:53:33.531+0200 2024-07-03 23:53:33,531 [INFO] HikariDataSource - HikariPool-3 - Starting...
2024-07-03T23:53:33.541+0200 2024-07-03 23:53:33,541 [INFO] HikariPool - HikariPool-3 - Added connection com.mysql.cj.jdbc.ConnectionImpl@5428126a
2024-07-03T23:53:33.542+0200 2024-07-03 23:53:33,542 [INFO] HikariDataSource - HikariPool-3 - Start completed.
2024-07-03T23:53:53.456+0200 2024-07-03 23:53:53,456 [INFO] LocalDevToolsAutoConfiguration$RestartingClassPathChangeChangedEventListener - Restarting due to 2 class path changes (0 additions, 0 deletions, 2 modifications)
2024-07-03T23:53:53.457+0200 2024-07-03 23:53:53,457 [INFO] Http11NioProtocol - Stopping ProtocolHandler ["http-nio-8080"]
2024-07-03T23:53:53.461+0200 2024-07-03 23:53:53,461 [INFO] HikariDataSource - HikariPool-3 - Shutdown initiated...
2024-07-03T23:53:53.464+0200 2024-07-03 23:53:53,464 [INFO] HikariDataSource - HikariPool-3 - Shutdown completed.
2024-07-03T23:53:53.739+0200 2024-07-03 23:53:53,739 [INFO] TomcatWebServer - Tomcat initialized with port 8080 (http)
2024-07-03T23:53:53.740+0200 2024-07-03 23:53:53,740 [INFO] Http11NioProtocol - Initializing ProtocolHandler ["http-nio-8080"]
2024-07-03T23:53:53.740+0200 2024-07-03 23:53:53,740 [INFO] StandardService - Starting service [Tomcat]
2024-07-03T23:53:53.740+0200 2024-07-03 23:53:53,740 [INFO] StandardEngine - Starting Servlet engine: [Apache Tomcat/10.1.25]
2024-07-03T23:53:53.751+0200 2024-07-03 23:53:53,751 [INFO] [/] - Initializing Spring embedded WebApplicationContext
2024-07-03T23:53:53.751+0200 2024-07-03 23:53:53,751 [INFO] ServletWebServerApplicationContext - Root WebApplicationContext: initialization completed in 218 ms
2024-07-03T23:53:53.931+0200 2024-07-03 23:53:53,931 [INFO] OptionalLiveReloadServer - LiveReload server is running on port 35729
2024-07-03T23:53:53.939+0200 2024-07-03 23:53:53,939 [INFO] Http11NioProtocol - Starting ProtocolHandler ["http-nio-8080"]
2024-07-03T23:53:53.941+0200 2024-07-03 23:53:53,941 [INFO] TomcatWebServer - Tomcat started on port 8080 (http) with context path '/'
2024-07-03T23:53:53.945+0200 2024-07-03 23:53:53,945 [INFO] ConditionEvaluationDeltaLoggingListener - Condition evaluation unchanged
2024-07-04T00:48:07.979+0200 2024-07-04 00:48:07,979 [INFO] [/] - Initializing Spring DispatcherServlet 'dispatcherServlet'
2024-07-04T00:48:07.999+0200 2024-07-04 00:48:07,999 [INFO] DispatcherServlet - Initializing Servlet 'dispatcherServlet'
2024-07-04T00:48:08.055+0200 2024-07-04 00:48:08,055 [INFO] DispatcherServlet - Completed initialization in 56 ms
2024-07-04T00:48:09.015+0200 2024-07-04 00:48:09,015 [INFO] AbstractOpenApiResource - Init duration for springdoc-openapi is: 289 ms
2024-07-05T13:00:15.273+0200 2024-07-05 13:00:15,273 [INFO] LocalDevToolsAutoConfiguration$RestartingClassPathChangeChangedEventListener - Restarting due to 2 class path changes (0 additions, 0 deletions, 2 modifications)
2024-07-05T13:00:15.417+0200 2024-07-05 13:00:15,417 [INFO] Http11NioProtocol - Stopping ProtocolHandler ["http-nio-8080"]
2024-07-05T13:00:16.999+0200 2024-07-05 13:00:16,999 [INFO] TomcatWebServer - Tomcat initialized with port 8080 (http)
2024-07-05T13:00:17.002+0200 2024-07-05 13:00:17,002 [INFO] Http11NioProtocol - Initializing ProtocolHandler ["http-nio-8080"]
2024-07-05T13:00:17.003+0200 2024-07-05 13:00:17,003 [INFO] StandardService - Starting service [Tomcat]
2024-07-05T13:00:17.003+0200 2024-07-05 13:00:17,003 [INFO] StandardEngine - Starting Servlet engine: [Apache Tomcat/10.1.25]
2024-07-05T13:00:17.025+0200 2024-07-05 13:00:17,025 [INFO] [/] - Initializing Spring embedded WebApplicationContext
2024-07-05T13:00:17.025+0200 2024-07-05 13:00:17,025 [INFO] ServletWebServerApplicationContext - Root WebApplicationContext: initialization completed in 350 ms
2024-07-05T13:00:17.306+0200 2024-07-05 13:00:17,306 [INFO] OptionalLiveReloadServer - LiveReload server is running on port 35729
2024-07-05T13:00:17.315+0200 2024-07-05 13:00:17,315 [INFO] Http11NioProtocol - Starting ProtocolHandler ["http-nio-8080"]
2024-07-05T13:00:17.317+0200 2024-07-05 13:00:17,317 [INFO] TomcatWebServer - Tomcat started on port 8080 (http) with context path '/'
2024-07-05T13:00:17.322+0200 2024-07-05 13:00:17,322 [INFO] ConditionEvaluationDeltaLoggingListener - Condition evaluation unchanged
